android app/app/build/intermediates/manifest_merge_blame_file/debug/manifest-merger-blame-debug-report.txt
1<?xml version="1.0" encoding="utf-8"?>
2<manifest xmlns:android="http://schemas.android.com/apk/res/android"
3    package="com.fitness.management"
4    android:versionCode="1"
5    android:versionName="1.0.0" >
6
7    <uses-sdk
8        android:minSdkVersion="26"
9        android:targetSdkVersion="34" />
10
11    <uses-permission android:name="android.permission.INTERNET" />
11-->src\main\AndroidManifest.xml:5:5-67
11-->src\main\AndroidManifest.xml:5:22-64
12    <uses-permission android:name="android.permission.ACCESS_NETWORK_STATE" />
12-->src\main\AndroidManifest.xml:6:5-79
12-->src\main\AndroidManifest.xml:6:22-76
13
14    <permission
14-->[androidx.core:core:1.12.0] AndroidManifest.xml:22:5-24:47
15        android:name="com.fitness.management.DYNAMIC_RECEIVER_NOT_EXPORTED_PERMISSION"
15-->[androidx.core:core:1.12.0] AndroidManifest.xml:23:9-81
16        android:protectionLevel="signature" />
16-->[androidx.core:core:1.12.0] AndroidManifest.xml:24:9-44
17
18    <uses-permission android:name="com.fitness.management.DYNAMIC_RECEIVER_NOT_EXPORTED_PERMISSION" />
18-->[androidx.core:core:1.12.0] AndroidManifest.xml:26:5-97
18-->[androidx.core:core:1.12.0] AndroidManifest.xml:26:22-94
19
20    <application
20-->src\main\AndroidManifest.xml:8:5-87:19
21        android:name="com.fitness.management.app.FitnessApp"
21-->src\main\AndroidManifest.xml:9:9-39
22        android:allowBackup="true"
22-->src\main\AndroidManifest.xml:10:9-35
23        android:appComponentFactory="androidx.core.app.CoreComponentFactory"
23-->[androidx.core:core:1.12.0] AndroidManifest.xml:28:18-86
24        android:debuggable="true"
25        android:extractNativeLibs="false"
26        android:icon="@mipmap/ic_launcher"
26-->src\main\AndroidManifest.xml:11:9-43
27        android:label="@string/app_name"
27-->src\main\AndroidManifest.xml:12:9-41
28        android:supportsRtl="true"
28-->src\main\AndroidManifest.xml:13:9-35
29        android:testOnly="true"
30        android:theme="@style/Theme.FitnessManagement"
30-->src\main\AndroidManifest.xml:14:9-55
31        android:usesCleartextTraffic="true" >
31-->src\main\AndroidManifest.xml:15:9-44
32        <activity
32-->src\main\AndroidManifest.xml:18:9-26:20
33            android:name="com.fitness.management.ui.login.LoginActivity"
33-->src\main\AndroidManifest.xml:19:13-51
34            android:exported="true"
34-->src\main\AndroidManifest.xml:20:13-36
35            android:theme="@style/Theme.FitnessManagement.NoActionBar" >
35-->src\main\AndroidManifest.xml:21:13-71
36            <intent-filter>
36-->src\main\AndroidManifest.xml:22:13-25:29
37                <action android:name="android.intent.action.MAIN" />
37-->src\main\AndroidManifest.xml:23:17-69
37-->src\main\AndroidManifest.xml:23:25-66
38
39                <category android:name="android.intent.category.LAUNCHER" />
39-->src\main\AndroidManifest.xml:24:17-77
39-->src\main\AndroidManifest.xml:24:27-74
40            </intent-filter>
41        </activity>
42        <activity
42-->src\main\AndroidManifest.xml:28:9-31:74
43            android:name="com.fitness.management.ui.teacher.TeacherHomeActivity"
43-->src\main\AndroidManifest.xml:29:13-59
44            android:exported="false"
44-->src\main\AndroidManifest.xml:30:13-37
45            android:theme="@style/Theme.FitnessManagement.NoActionBar" />
45-->src\main\AndroidManifest.xml:31:13-71
46        <activity
46-->src\main\AndroidManifest.xml:33:9-36:74
47            android:name="com.fitness.management.ui.student.StudentListActivity"
47-->src\main\AndroidManifest.xml:34:13-59
48            android:exported="false"
48-->src\main\AndroidManifest.xml:35:13-37
49            android:theme="@style/Theme.FitnessManagement.NoActionBar" />
49-->src\main\AndroidManifest.xml:36:13-71
50        <activity
50-->src\main\AndroidManifest.xml:38:9-41:74
51            android:name="com.fitness.management.ui.student.StudentDetailActivity"
51-->src\main\AndroidManifest.xml:39:13-61
52            android:exported="false"
52-->src\main\AndroidManifest.xml:40:13-37
53            android:theme="@style/Theme.FitnessManagement.NoActionBar" />
53-->src\main\AndroidManifest.xml:41:13-71
54        <activity
54-->src\main\AndroidManifest.xml:43:9-46:74
55            android:name="com.fitness.management.ui.student.AIReportActivity"
55-->src\main\AndroidManifest.xml:44:13-56
56            android:exported="false"
56-->src\main\AndroidManifest.xml:45:13-37
57            android:theme="@style/Theme.FitnessManagement.NoActionBar" />
57-->src\main\AndroidManifest.xml:46:13-71
58        <activity
58-->src\main\AndroidManifest.xml:48:9-51:74
59            android:name="com.fitness.management.ui.statistics.ClassStatisticsActivity"
59-->src\main\AndroidManifest.xml:49:13-66
60            android:exported="false"
60-->src\main\AndroidManifest.xml:50:13-37
61            android:theme="@style/Theme.FitnessManagement.NoActionBar" />
61-->src\main\AndroidManifest.xml:51:13-71
62        <activity
62-->src\main\AndroidManifest.xml:53:9-56:74
63            android:name="com.fitness.management.ui.admin.AdminHomeActivity"
63-->src\main\AndroidManifest.xml:54:13-55
64            android:exported="false"
64-->src\main\AndroidManifest.xml:55:13-37
65            android:theme="@style/Theme.FitnessManagement.NoActionBar" />
65-->src\main\AndroidManifest.xml:56:13-71
66        <activity
66-->src\main\AndroidManifest.xml:58:9-61:74
67            android:name="com.fitness.management.ui.admin.ClassManagementActivity"
67-->src\main\AndroidManifest.xml:59:13-61
68            android:exported="false"
68-->src\main\AndroidManifest.xml:60:13-37
69            android:theme="@style/Theme.FitnessManagement.NoActionBar" />
69-->src\main\AndroidManifest.xml:61:13-71
70        <activity
70-->src\main\AndroidManifest.xml:63:9-66:74
71            android:name="com.fitness.management.ui.admin.DeviceManagementActivity"
71-->src\main\AndroidManifest.xml:64:13-62
72            android:exported="false"
72-->src\main\AndroidManifest.xml:65:13-37
73            android:theme="@style/Theme.FitnessManagement.NoActionBar" />
73-->src\main\AndroidManifest.xml:66:13-71
74        <activity
74-->src\main\AndroidManifest.xml:68:9-71:74
75            android:name="com.fitness.management.ui.admin.TeacherManagementActivity"
75-->src\main\AndroidManifest.xml:69:13-63
76            android:exported="false"
76-->src\main\AndroidManifest.xml:70:13-37
77            android:theme="@style/Theme.FitnessManagement.NoActionBar" />
77-->src\main\AndroidManifest.xml:71:13-71
78        <activity
78-->src\main\AndroidManifest.xml:73:9-76:74
79            android:name="com.fitness.management.ui.admin.ReportExportActivity"
79-->src\main\AndroidManifest.xml:74:13-58
80            android:exported="false"
80-->src\main\AndroidManifest.xml:75:13-37
81            android:theme="@style/Theme.FitnessManagement.NoActionBar" />
81-->src\main\AndroidManifest.xml:76:13-71
82        <activity
82-->src\main\AndroidManifest.xml:78:9-81:74
83            android:name="com.fitness.management.ui.profile.ProfileActivity"
83-->src\main\AndroidManifest.xml:79:13-55
84            android:exported="false"
84-->src\main\AndroidManifest.xml:80:13-37
85            android:theme="@style/Theme.FitnessManagement.NoActionBar" />
85-->src\main\AndroidManifest.xml:81:13-71
86        <activity
86-->src\main\AndroidManifest.xml:83:9-86:74
87            android:name="com.fitness.management.ui.main.MainActivity"
87-->src\main\AndroidManifest.xml:84:13-49
88            android:exported="false"
88-->src\main\AndroidManifest.xml:85:13-37
89            android:theme="@style/Theme.FitnessManagement.NoActionBar" />
89-->src\main\AndroidManifest.xml:86:13-71
90
91        <provider
91-->[androidx.emoji2:emoji2:1.2.0] AndroidManifest.xml:24:9-32:20
92            android:name="androidx.startup.InitializationProvider"
92-->[androidx.emoji2:emoji2:1.2.0] AndroidManifest.xml:25:13-67
93            android:authorities="com.fitness.management.androidx-startup"
93-->[androidx.emoji2:emoji2:1.2.0] AndroidManifest.xml:26:13-68
94            android:exported="false" >
94-->[androidx.emoji2:emoji2:1.2.0] AndroidManifest.xml:27:13-37
95            <meta-data
95-->[androidx.emoji2:emoji2:1.2.0] AndroidManifest.xml:29:13-31:52
96                android:name="androidx.emoji2.text.EmojiCompatInitializer"
96-->[androidx.emoji2:emoji2:1.2.0] AndroidManifest.xml:30:17-75
97                android:value="androidx.startup" />
97-->[androidx.emoji2:emoji2:1.2.0] AndroidManifest.xml:31:17-49
98            <meta-data
98-->[androidx.lifecycle:lifecycle-process:2.7.0] AndroidManifest.xml:29:13-31:52
99                android:name="androidx.lifecycle.ProcessLifecycleInitializer"
99-->[androidx.lifecycle:lifecycle-process:2.7.0] AndroidManifest.xml:30:17-78
100                android:value="androidx.startup" />
100-->[androidx.lifecycle:lifecycle-process:2.7.0] AndroidManifest.xml:31:17-49
101            <meta-data
101-->[androidx.profileinstaller:profileinstaller:1.3.0] AndroidManifest.xml:29:13-31:52
102                android:name="androidx.profileinstaller.ProfileInstallerInitializer"
102-->[androidx.profileinstaller:profileinstaller:1.3.0] AndroidManifest.xml:30:17-85
103                android:value="androidx.startup" />
103-->[androidx.profileinstaller:profileinstaller:1.3.0] AndroidManifest.xml:31:17-49
104        </provider>
105
106        <receiver
106-->[androidx.profileinstaller:profileinstaller:1.3.0] AndroidManifest.xml:34:9-52:20
107            android:name="androidx.profileinstaller.ProfileInstallReceiver"
107-->[androidx.profileinstaller:profileinstaller:1.3.0] AndroidManifest.xml:35:13-76
108            android:directBootAware="false"
108-->[androidx.profileinstaller:profileinstaller:1.3.0] AndroidManifest.xml:36:13-44
109            android:enabled="true"
109-->[androidx.profileinstaller:profileinstaller:1.3.0] AndroidManifest.xml:37:13-35
110            android:exported="true"
110-->[androidx.profileinstaller:profileinstaller:1.3.0] AndroidManifest.xml:38:13-36
111            android:permission="android.permission.DUMP" >
111-->[androidx.profileinstaller:profileinstaller:1.3.0] AndroidManifest.xml:39:13-57
112            <intent-filter>
112-->[androidx.profileinstaller:profileinstaller:1.3.0] AndroidManifest.xml:40:13-42:29
113                <action android:name="androidx.profileinstaller.action.INSTALL_PROFILE" />
113-->[androidx.profileinstaller:profileinstaller:1.3.0] AndroidManifest.xml:41:17-91
113-->[androidx.profileinstaller:profileinstaller:1.3.0] AndroidManifest.xml:41:25-88
114            </intent-filter>
115            <intent-filter>
115-->[androidx.profileinstaller:profileinstaller:1.3.0] AndroidManifest.xml:43:13-45:29
116                <action android:name="androidx.profileinstaller.action.SKIP_FILE" />
116-->[androidx.profileinstaller:profileinstaller:1.3.0] AndroidManifest.xml:44:17-85
116-->[androidx.profileinstaller:profileinstaller:1.3.0] AndroidManifest.xml:44:25-82
117            </intent-filter>
118            <intent-filter>
118-->[androidx.profileinstaller:profileinstaller:1.3.0] AndroidManifest.xml:46:13-48:29
119                <action android:name="androidx.profileinstaller.action.SAVE_PROFILE" />
119-->[androidx.profileinstaller:profileinstaller:1.3.0] AndroidManifest.xml:47:17-88
119-->[androidx.profileinstaller:profileinstaller:1.3.0] AndroidManifest.xml:47:25-85
120            </intent-filter>
121            <intent-filter>
121-->[androidx.profileinstaller:profileinstaller:1.3.0] AndroidManifest.xml:49:13-51:29
122                <action android:name="androidx.profileinstaller.action.BENCHMARK_OPERATION" />
122-->[androidx.profileinstaller:profileinstaller:1.3.0] AndroidManifest.xml:50:17-95
122-->[androidx.profileinstaller:profileinstaller:1.3.0] AndroidManifest.xml:50:25-92
123            </intent-filter>
124        </receiver>
125    </application>
126
127</manifest>